<?xml version="1.0" encoding="UTF-8"?>
<TestRun id="62a53b7a-4d0f-4dfd-ac63-85d93e00bb57" name="Administrator@ROAMBI 2012-10-24 19:58:01" runUser="ROAMBI\Administrator" xmlns="http://microsoft.com/schemas/VisualStudio/TeamTest/2010">
  <TestSettings name="Local" id="c64711a4-0654-447b-bdfe-06f83aac8f92">
    <Description>These are default test settings for a local test run.</Description>
    <Deployment enabled="false" runDeploymentRoot="Administrator_ROAMBI 2012-10-24 19_58_01">
      <DeploymentItem filename="C:\Users\Administrator\Desktop\TecWeb-CRM\TecWeb-CRM\bin\TecWeb-CRM.dll" />
    </Deployment>
    <Execution>
      <TestTypeSpecific />
      <AgentRule name="Execution Agents">
      </AgentRule>
    </Execution>
  </TestSettings>
  <Times creation="2012-10-24T19:58:01.3786120-02:00" queuing="2012-10-24T19:58:01.3903300-02:00" start="2012-10-24T19:58:01.5270400-02:00" finish="2012-10-24T19:58:03.0474505-02:00" />
  <ResultSummary outcome="Completed">
    <Counters total="1" executed="1" passed="1" error="0" failed="0" timeout="0" aborted="0" inconclusive="0" passedButRunAborted="0" notRunnable="0" notExecuted="0" disconnected="0" warning="0" completed="0" inProgress="0" pending="0" />
  </ResultSummary>
  <TestDefinitions>
    <UnitTest name="ConnectionTest" storage="c:\users\administrator\desktop\tecweb-crm\teste_dao2\bin\debug\teste_dao2.dll" id="83a1b2eb-01d3-fd1a-463d-4796628a35e0">
      <Execution id="64a2b697-655f-4b39-9d91-68a5c019160c" />
      <TestMethod codeBase="C:/Users/Administrator/Desktop/TecWeb-CRM/TESTE_DAO2/bin/Debug/TESTE_DAO2.DLL" adapterTypeName="Microsoft.VisualStudio.TestTools.TestTypes.Unit.UnitTestAdapter, Microsoft.VisualStudio.QualityTools.Tips.UnitTest.Adapter, Version=10.0.0.0, Culture=neutral, PublicKeyToken=b03f5f7f11d50a3a" className="TESTE_DAO2.CRM_DAO_PessoaTest, TESTE_DAO2, Version=1.0.0.0, Culture=neutral, PublicKeyToken=null" name="ConnectionTest" />
      <AspNet webSiteUrl="http://localhost:52314/">
        <Host pathToWebApp="C:\Users\Administrator\Desktop\TecWeb-CRM\TecWeb-CRM" webAppRoot="/" />
      </AspNet>
    </UnitTest>
  </TestDefinitions>
  <TestLists>
    <TestList name="Results Not in a List" id="8c84fa94-04c1-424b-9868-57a2d4851a1d" />
    <TestList name="All Loaded Results" id="19431567-8539-422a-85d7-44ee4e166bda" />
  </TestLists>
  <TestEntries>
    <TestEntry testId="83a1b2eb-01d3-fd1a-463d-4796628a35e0" executionId="64a2b697-655f-4b39-9d91-68a5c019160c" testListId="8c84fa94-04c1-424b-9868-57a2d4851a1d" />
  </TestEntries>
  <Results>
    <UnitTestResult executionId="64a2b697-655f-4b39-9d91-68a5c019160c" testId="83a1b2eb-01d3-fd1a-463d-4796628a35e0" testName="ConnectionTest" computerName="ROAMBI" duration="00:00:00.0054775" startTime="2012-10-24T19:58:01.6549615-02:00" endTime="2012-10-24T19:58:02.9478475-02:00" testType="13cdc9d9-ddb5-4fa4-a97d-d965ccfc6d4b" outcome="Passed" testListId="8c84fa94-04c1-424b-9868-57a2d4851a1d" relativeResultsDirectory="64a2b697-655f-4b39-9d91-68a5c019160c">
    </UnitTestResult>
  </Results>
</TestRun>