<?xml version="1.0" encoding="UTF-8"?>
<TestRun id="26f3f64c-e421-4893-9dc3-38912af9ec9f" name="Administrator@ROAMBI 2012-10-24 20:53:45" runUser="ROAMBI\Administrator" xmlns="http://microsoft.com/schemas/VisualStudio/TeamTest/2010">
  <TestSettings name="DAO_TESTE" id="29caf658-1014-4538-8a40-308cfb1481e7">
    <Description>These are default test settings for a local test run.</Description>
    <Deployment enabled="false" runDeploymentRoot="Administrator_ROAMBI 2012-10-24 20_53_45">
      <DeploymentItem filename="C:\Users\Administrator\Desktop\TecWeb-CRM\TecWeb-CRM\bin\TecWeb-CRM.dll" />
    </Deployment>
    <Execution>
      <TestTypeSpecific />
      <AgentRule name="Execution Agents">
      </AgentRule>
    </Execution>
  </TestSettings>
  <Times creation="2012-10-24T20:53:45.3048000-02:00" queuing="2012-10-24T20:53:51.9674595-02:00" start="2012-10-24T20:53:52.0543680-02:00" finish="2012-10-24T20:53:54.7807560-02:00" />
  <ResultSummary outcome="Completed">
    <Counters total="6" executed="6" passed="6" error="0" failed="0" timeout="0" aborted="0" inconclusive="0" passedButRunAborted="0" notRunnable="0" notExecuted="0" disconnected="0" warning="0" completed="0" inProgress="0" pending="0" />
  </ResultSummary>
  <TestDefinitions>
    <UnitTest name="InserirPessoaTest" storage="c:\users\administrator\desktop\tecweb-crm\teste_dao2\bin\debug\teste_dao2.dll" id="529765cb-1eea-94bf-b143-4b218e5b8a36">
      <Execution id="5e907f50-00f1-4b6d-a554-0cc259b98898" />
      <TestMethod codeBase="C:/Users/Administrator/Desktop/TecWeb-CRM/TESTE_DAO2/bin/Debug/TESTE_DAO2.DLL" adapterTypeName="Microsoft.VisualStudio.TestTools.TestTypes.Unit.UnitTestAdapter, Microsoft.VisualStudio.QualityTools.Tips.UnitTest.Adapter, Version=10.0.0.0, Culture=neutral, PublicKeyToken=b03f5f7f11d50a3a" className="TESTE_DAO2.CRM_DAO_PessoaTest, TESTE_DAO2, Version=1.0.0.0, Culture=neutral, PublicKeyToken=null" name="InserirPessoaTest" />
      <AspNet webSiteUrl="http://localhost:52314/">
        <Host pathToWebApp="C:\Users\Administrator\Desktop\TecWeb-CRM\TecWeb-CRM" webAppRoot="/" />
      </AspNet>
    </UnitTest>
    <UnitTest name="CRM_DAO_PessoaConstructorTest" storage="c:\users\administrator\desktop\tecweb-crm\teste_dao2\bin\debug\teste_dao2.dll" id="4f5b839a-215d-e6d4-a0de-94b7c218b2e1">
      <Execution id="f2708f09-92df-4e01-97f8-543f6d56451a" />
      <TestMethod codeBase="C:/Users/Administrator/Desktop/TecWeb-CRM/TESTE_DAO2/bin/Debug/TESTE_DAO2.DLL" adapterTypeName="Microsoft.VisualStudio.TestTools.TestTypes.Unit.UnitTestAdapter, Microsoft.VisualStudio.QualityTools.Tips.UnitTest.Adapter, Version=10.0.0.0, Culture=neutral, PublicKeyToken=b03f5f7f11d50a3a" className="TESTE_DAO2.CRM_DAO_PessoaTest, TESTE_DAO2, Version=1.0.0.0, Culture=neutral, PublicKeyToken=null" name="CRM_DAO_PessoaConstructorTest" />
      <AspNet webSiteUrl="http://localhost:52314/">
        <Host pathToWebApp="C:\Users\Administrator\Desktop\TecWeb-CRM\TecWeb-CRM" webAppRoot="/" />
      </AspNet>
    </UnitTest>
    <UnitTest name="ConnectionTest" storage="c:\users\administrator\desktop\tecweb-crm\teste_dao2\bin\debug\teste_dao2.dll" id="83a1b2eb-01d3-fd1a-463d-4796628a35e0">
      <Execution id="710cad0a-1796-4c34-ab79-43a7be9c291e" />
      <TestMethod codeBase="C:/Users/Administrator/Desktop/TecWeb-CRM/TESTE_DAO2/bin/Debug/TESTE_DAO2.DLL" adapterTypeName="Microsoft.VisualStudio.TestTools.TestTypes.Unit.UnitTestAdapter, Microsoft.VisualStudio.QualityTools.Tips.UnitTest.Adapter, Version=10.0.0.0, Culture=neutral, PublicKeyToken=b03f5f7f11d50a3a" className="TESTE_DAO2.CRM_DAO_PessoaTest, TESTE_DAO2, Version=1.0.0.0, Culture=neutral, PublicKeyToken=null" name="ConnectionTest" />
      <AspNet webSiteUrl="http://localhost:52314/">
        <Host pathToWebApp="C:\Users\Administrator\Desktop\TecWeb-CRM\TecWeb-CRM" webAppRoot="/" />
      </AspNet>
    </UnitTest>
    <UnitTest name="AlterarPessoaTest" storage="c:\users\administrator\desktop\tecweb-crm\teste_dao2\bin\debug\teste_dao2.dll" id="975b78c0-9612-e48c-2ad6-0fb9f3f0d26f">
      <Execution id="4f067ccd-fb2b-46a4-af9c-cdee9544a4b3" />
      <TestMethod codeBase="C:/Users/Administrator/Desktop/TecWeb-CRM/TESTE_DAO2/bin/Debug/TESTE_DAO2.DLL" adapterTypeName="Microsoft.VisualStudio.TestTools.TestTypes.Unit.UnitTestAdapter, Microsoft.VisualStudio.QualityTools.Tips.UnitTest.Adapter, Version=10.0.0.0, Culture=neutral, PublicKeyToken=b03f5f7f11d50a3a" className="TESTE_DAO2.CRM_DAO_PessoaTest, TESTE_DAO2, Version=1.0.0.0, Culture=neutral, PublicKeyToken=null" name="AlterarPessoaTest" />
      <AspNet webSiteUrl="http://localhost:52314/">
        <Host pathToWebApp="C:\Users\Administrator\Desktop\TecWeb-CRM\TecWeb-CRM" webAppRoot="/" />
      </AspNet>
    </UnitTest>
    <UnitTest name="ExcluirPessoaTest" storage="c:\users\administrator\desktop\tecweb-crm\teste_dao2\bin\debug\teste_dao2.dll" id="72233ad4-4cf6-41f3-2bf9-4d1886f80555">
      <Execution id="8d867a92-3d8b-46e0-9dcf-85507a6434f1" />
      <TestMethod codeBase="C:/Users/Administrator/Desktop/TecWeb-CRM/TESTE_DAO2/bin/Debug/TESTE_DAO2.DLL" adapterTypeName="Microsoft.VisualStudio.TestTools.TestTypes.Unit.UnitTestAdapter, Microsoft.VisualStudio.QualityTools.Tips.UnitTest.Adapter, Version=10.0.0.0, Culture=neutral, PublicKeyToken=b03f5f7f11d50a3a" className="TESTE_DAO2.CRM_DAO_PessoaTest, TESTE_DAO2, Version=1.0.0.0, Culture=neutral, PublicKeyToken=null" name="ExcluirPessoaTest" />
      <AspNet webSiteUrl="http://localhost:52314/">
        <Host pathToWebApp="C:\Users\Administrator\Desktop\TecWeb-CRM\TecWeb-CRM" webAppRoot="/" />
      </AspNet>
    </UnitTest>
    <UnitTest name="SelecionarTodosPessoaTest" storage="c:\users\administrator\desktop\tecweb-crm\teste_dao2\bin\debug\teste_dao2.dll" id="0617cf11-7817-cc32-76d0-458e3a3f0381">
      <Execution id="ebe4068e-7847-4386-b205-6cc579294654" />
      <TestMethod codeBase="C:/Users/Administrator/Desktop/TecWeb-CRM/TESTE_DAO2/bin/Debug/TESTE_DAO2.DLL" adapterTypeName="Microsoft.VisualStudio.TestTools.TestTypes.Unit.UnitTestAdapter, Microsoft.VisualStudio.QualityTools.Tips.UnitTest.Adapter, Version=10.0.0.0, Culture=neutral, PublicKeyToken=b03f5f7f11d50a3a" className="TESTE_DAO2.CRM_DAO_PessoaTest, TESTE_DAO2, Version=1.0.0.0, Culture=neutral, PublicKeyToken=null" name="SelecionarTodosPessoaTest" />
      <AspNet webSiteUrl="http://localhost:52314/">
        <Host pathToWebApp="C:\Users\Administrator\Desktop\TecWeb-CRM\TecWeb-CRM" webAppRoot="/" />
      </AspNet>
    </UnitTest>
  </TestDefinitions>
  <TestLists>
    <TestList name="Results Not in a List" id="8c84fa94-04c1-424b-9868-57a2d4851a1d" />
    <TestList name="All Loaded Results" id="19431567-8539-422a-85d7-44ee4e166bda" />
  </TestLists>
  <TestEntries>
    <TestEntry testId="0617cf11-7817-cc32-76d0-458e3a3f0381" executionId="ebe4068e-7847-4386-b205-6cc579294654" testListId="8c84fa94-04c1-424b-9868-57a2d4851a1d" />
    <TestEntry testId="4f5b839a-215d-e6d4-a0de-94b7c218b2e1" executionId="f2708f09-92df-4e01-97f8-543f6d56451a" testListId="8c84fa94-04c1-424b-9868-57a2d4851a1d" />
    <TestEntry testId="529765cb-1eea-94bf-b143-4b218e5b8a36" executionId="5e907f50-00f1-4b6d-a554-0cc259b98898" testListId="8c84fa94-04c1-424b-9868-57a2d4851a1d" />
    <TestEntry testId="72233ad4-4cf6-41f3-2bf9-4d1886f80555" executionId="8d867a92-3d8b-46e0-9dcf-85507a6434f1" testListId="8c84fa94-04c1-424b-9868-57a2d4851a1d" />
    <TestEntry testId="83a1b2eb-01d3-fd1a-463d-4796628a35e0" executionId="710cad0a-1796-4c34-ab79-43a7be9c291e" testListId="8c84fa94-04c1-424b-9868-57a2d4851a1d" />
    <TestEntry testId="975b78c0-9612-e48c-2ad6-0fb9f3f0d26f" executionId="4f067ccd-fb2b-46a4-af9c-cdee9544a4b3" testListId="8c84fa94-04c1-424b-9868-57a2d4851a1d" />
  </TestEntries>
  <Results>
    <UnitTestResult executionId="ebe4068e-7847-4386-b205-6cc579294654" testId="0617cf11-7817-cc32-76d0-458e3a3f0381" testName="SelecionarTodosPessoaTest" computerName="ROAMBI" duration="00:00:00.4719552" startTime="2012-10-24T20:53:52.2594330-02:00" endTime="2012-10-24T20:53:54.3130125-02:00" testType="13cdc9d9-ddb5-4fa4-a97d-d965ccfc6d4b" outcome="Passed" testListId="8c84fa94-04c1-424b-9868-57a2d4851a1d" relativeResultsDirectory="ebe4068e-7847-4386-b205-6cc579294654">
    </UnitTestResult>
    <UnitTestResult executionId="f2708f09-92df-4e01-97f8-543f6d56451a" testId="4f5b839a-215d-e6d4-a0de-94b7c218b2e1" testName="CRM_DAO_PessoaConstructorTest" computerName="ROAMBI" duration="00:00:00.0002162" startTime="2012-10-24T20:53:54.3149655-02:00" endTime="2012-10-24T20:53:54.3647670-02:00" testType="13cdc9d9-ddb5-4fa4-a97d-d965ccfc6d4b" outcome="Passed" testListId="8c84fa94-04c1-424b-9868-57a2d4851a1d" relativeResultsDirectory="f2708f09-92df-4e01-97f8-543f6d56451a">
    </UnitTestResult>
    <UnitTestResult executionId="5e907f50-00f1-4b6d-a554-0cc259b98898" testId="529765cb-1eea-94bf-b143-4b218e5b8a36" testName="InserirPessoaTest" computerName="ROAMBI" duration="00:00:00.0003760" startTime="2012-10-24T20:53:54.3667200-02:00" endTime="2012-10-24T20:53:54.4135920-02:00" testType="13cdc9d9-ddb5-4fa4-a97d-d965ccfc6d4b" outcome="Passed" testListId="8c84fa94-04c1-424b-9868-57a2d4851a1d" relativeResultsDirectory="5e907f50-00f1-4b6d-a554-0cc259b98898">
    </UnitTestResult>
    <UnitTestResult executionId="8d867a92-3d8b-46e0-9dcf-85507a6434f1" testId="72233ad4-4cf6-41f3-2bf9-4d1886f80555" testName="ExcluirPessoaTest" computerName="ROAMBI" duration="00:00:00.0004335" startTime="2012-10-24T20:53:54.4155450-02:00" endTime="2012-10-24T20:53:54.4594875-02:00" testType="13cdc9d9-ddb5-4fa4-a97d-d965ccfc6d4b" outcome="Passed" testListId="8c84fa94-04c1-424b-9868-57a2d4851a1d" relativeResultsDirectory="8d867a92-3d8b-46e0-9dcf-85507a6434f1">
    </UnitTestResult>
    <UnitTestResult executionId="710cad0a-1796-4c34-ab79-43a7be9c291e" testId="83a1b2eb-01d3-fd1a-463d-4796628a35e0" testName="ConnectionTest" computerName="ROAMBI" duration="00:00:00.0004450" startTime="2012-10-24T20:53:54.4624170-02:00" endTime="2012-10-24T20:53:54.5122185-02:00" testType="13cdc9d9-ddb5-4fa4-a97d-d965ccfc6d4b" outcome="Passed" testListId="8c84fa94-04c1-424b-9868-57a2d4851a1d" relativeResultsDirectory="710cad0a-1796-4c34-ab79-43a7be9c291e">
    </UnitTestResult>
    <UnitTestResult executionId="4f067ccd-fb2b-46a4-af9c-cdee9544a4b3" testId="975b78c0-9612-e48c-2ad6-0fb9f3f0d26f" testName="AlterarPessoaTest" computerName="ROAMBI" duration="00:00:00.0003405" startTime="2012-10-24T20:53:54.6840825-02:00" endTime="2012-10-24T20:53:54.7250955-02:00" testType="13cdc9d9-ddb5-4fa4-a97d-d965ccfc6d4b" outcome="Passed" testListId="8c84fa94-04c1-424b-9868-57a2d4851a1d" relativeResultsDirectory="4f067ccd-fb2b-46a4-af9c-cdee9544a4b3">
    </UnitTestResult>
  </Results>
</TestRun>