<?xml version="1.0" encoding="UTF-8"?>
<TestRun id="ddbd7f85-0864-49cf-9f29-e8737e1c9bc6" name="Karine@KARINE-PC 2012-11-18 23:39:23" runUser="Karine-PC\Karine" xmlns="http://microsoft.com/schemas/VisualStudio/TeamTest/2010">
  <TestSettings name="Trace and Test Impact" id="942bc576-e83a-4bb4-a420-11f934cc75a4">
    <Description>These are test settings for Trace and Test Impact.</Description>
    <Deployment userDeploymentRoot="c:\users\karine\documents\visual studio 2010\Projects\Tentativa\TestResults" useDefaultDeploymentRoot="false" runDeploymentRoot="Karine_KARINE-PC 2012-11-18 23_39_23">
      <DeploymentItem filename="c:\users\karine\documents\visual studio 2010\Projects\Tentativa\Tentativa\bin\Debug\Tentativa.exe" />
    </Deployment>
    <Execution>
      <TestTypeSpecific />
      <AgentRule name="Execution Agents">
        <DataCollectors>
          <DataCollector uri="datacollector://microsoft/SystemInfo/1.0" assemblyQualifiedName="Microsoft.VisualStudio.TestTools.DataCollection.SystemInfo.SystemInfoDataCollector, Microsoft.VisualStudio.TestTools.DataCollection.SystemInfo, Version=10.0.0.0, Culture=neutral, PublicKeyToken=b03f5f7f11d50a3a" friendlyName="System Information">
          </DataCollector>
          <DataCollector uri="datacollector://microsoft/ActionLog/1.0" assemblyQualifiedName="Microsoft.VisualStudio.TestTools.ManualTest.ActionLog.ActionLogPlugin, Microsoft.VisualStudio.TestTools.ManualTest.ActionLog, Version=10.0.0.0, Culture=neutral, PublicKeyToken=b03f5f7f11d50a3a" friendlyName="Actions">
          </DataCollector>
          <DataCollector uri="datacollector://microsoft/HttpProxy/1.0" assemblyQualifiedName="Microsoft.VisualStudio.TraceCollector.HttpProxyCollector, Microsoft.VisualStudio.TraceCollector, Version=10.0.0.0, Culture=neutral, PublicKeyToken=b03f5f7f11d50a3a" friendlyName="ASP.NET Client Proxy for IntelliTrace and Test Impact">
          </DataCollector>
          <DataCollector uri="datacollector://microsoft/TestImpact/1.0" assemblyQualifiedName="Microsoft.VisualStudio.TraceCollector.TestImpactDataCollector, Microsoft.VisualStudio.TraceCollector, Version=10.0.0.0, Culture=neutral, PublicKeyToken=b03f5f7f11d50a3a" friendlyName="Test Impact">
          </DataCollector>
          <DataCollector uri="datacollector://microsoft/TraceDebugger/1.0" assemblyQualifiedName="Microsoft.VisualStudio.TraceCollector.TraceDebuggerDataCollector, Microsoft.VisualStudio.TraceCollector, Version=10.0.0.0, Culture=neutral, PublicKeyToken=b03f5f7f11d50a3a" friendlyName="IntelliTrace">
          </DataCollector>
        </DataCollectors>
      </AgentRule>
    </Execution>
  </TestSettings>
  <Times creation="2012-11-18T23:39:23.0483884-02:00" queuing="2012-11-18T23:39:24.7794874-02:00" start="2012-11-18T23:39:41.2404289-02:00" finish="2012-11-18T23:40:41.3148649-02:00" />
  <ResultSummary outcome="Completed">
    <Counters total="1" executed="1" passed="1" error="0" failed="0" timeout="0" aborted="0" inconclusive="0" passedButRunAborted="0" notRunnable="0" notExecuted="0" disconnected="0" warning="0" completed="0" inProgress="0" pending="0" />
    <CollectorDataEntries>
      <Collector agentName="KARINE-PC" uri="datacollector://microsoft/SystemInfo/1.0" collectorDisplayName="System Information">
        <UriAttachments>
          <UriAttachment>
            <A href="KARINE-PC\SystemInformation.xml">System Information from KARINE-PC</A>
          </UriAttachment>
        </UriAttachments>
      </Collector>
    </CollectorDataEntries>
  </ResultSummary>
  <TestDefinitions>
    <UnitTest name="EnvioNDiasTest" storage="c:\users\karine\documents\visual studio 2010\projects\tentativa\testeemail\bin\debug\testeemail.dll" id="d1d66832-9168-8166-82fe-3674d4ee6c8f">
      <Execution id="089a01b3-2e66-472b-b0e8-0912f1b13836" />
      <TestMethod codeBase="c:\users\karine\documents\visual studio 2010\Projects\Tentativa\TesteEmail\bin\Debug\TesteEmail.dll" adapterTypeName="Microsoft.VisualStudio.TestTools.TestTypes.Unit.UnitTestAdapter, Microsoft.VisualStudio.QualityTools.Tips.UnitTest.Adapter, Version=10.0.0.0, Culture=neutral, PublicKeyToken=b03f5f7f11d50a3a" className="TesteEmail.EnvioEmailTest, TesteEmail" name="EnvioNDiasTest" />
    </UnitTest>
  </TestDefinitions>
  <TestLists>
    <TestList name="Results Not in a List" id="8c84fa94-04c1-424b-9868-57a2d4851a1d" />
    <TestList name="All Loaded Results" id="19431567-8539-422a-85d7-44ee4e166bda" />
  </TestLists>
  <TestEntries>
    <TestEntry testId="d1d66832-9168-8166-82fe-3674d4ee6c8f" executionId="089a01b3-2e66-472b-b0e8-0912f1b13836" testListId="8c84fa94-04c1-424b-9868-57a2d4851a1d" />
  </TestEntries>
  <Results>
    <UnitTestResult executionId="089a01b3-2e66-472b-b0e8-0912f1b13836" testId="d1d66832-9168-8166-82fe-3674d4ee6c8f" testName="EnvioNDiasTest" computerName="KARINE-PC" duration="00:00:05.4804770" startTime="2012-11-18T23:39:41.6574527-02:00" endTime="2012-11-18T23:39:48.5598475-02:00" testType="13cdc9d9-ddb5-4fa4-a97d-d965ccfc6d4b" outcome="Passed" testListId="8c84fa94-04c1-424b-9868-57a2d4851a1d" relativeResultsDirectory="089a01b3-2e66-472b-b0e8-0912f1b13836">
      <CollectorDataEntries>
        <Collector agentName="KARINE-PC" uri="datacollector://microsoft/SystemInfo/1.0" collectorDisplayName="System Information">
          <UriAttachments>
            <UriAttachment>
              <A href="KARINE-PC\SystemInformation.xml">System Information from KARINE-PC</A>
            </UriAttachment>
          </UriAttachments>
        </Collector>
        <Collector agentName="KARINE-PC" uri="datacollector://microsoft/TestImpact/1.0" collectorDisplayName="Test Impact">
          <UriAttachments>
            <UriAttachment>
              <A href="KARINE-PC\testimpact.xml">Test Impact Data</A>
            </UriAttachment>
          </UriAttachments>
        </Collector>
      </CollectorDataEntries>
    </UnitTestResult>
  </Results>
</TestRun>