<?xml version="1.0" encoding="UTF-8"?>
<TestRun id="008ca101-ab68-4c8e-b9ec-24617a890529" name="Karine@KARINE-PC 2012-11-15 00:36:01" runUser="Karine-PC\Karine" xmlns="http://microsoft.com/schemas/VisualStudio/TeamTest/2010">
  <TestSettings name="Trace and Test Impact" id="942bc576-e83a-4bb4-a420-11f934cc75a4">
    <Description>These are test settings for Trace and Test Impact.</Description>
    <Deployment userDeploymentRoot="c:\users\karine\documents\visual studio 2010\Projects\Tentativa\TestResults" useDefaultDeploymentRoot="false" runDeploymentRoot="Karine_KARINE-PC 2012-11-15 00_36_01">
      <DeploymentItem filename="c:\users\karine\documents\visual studio 2010\Projects\Tentativa\Tentativa\bin\Debug\Tentativa.exe" />
    </Deployment>
    <Execution>
      <TestTypeSpecific />
      <AgentRule name="Execution Agents">
        <DataCollectors>
          <DataCollector uri="datacollector://microsoft/SystemInfo/1.0" assemblyQualifiedName="Microsoft.VisualStudio.TestTools.DataCollection.SystemInfo.SystemInfoDataCollector, Microsoft.VisualStudio.TestTools.DataCollection.SystemInfo, Version=10.0.0.0, Culture=neutral, PublicKeyToken=b03f5f7f11d50a3a" friendlyName="System Information">
          </DataCollector>
          <DataCollector uri="datacollector://microsoft/ActionLog/1.0" assemblyQualifiedName="Microsoft.VisualStudio.TestTools.ManualTest.ActionLog.ActionLogPlugin, Microsoft.VisualStudio.TestTools.ManualTest.ActionLog, Version=10.0.0.0, Culture=neutral, PublicKeyToken=b03f5f7f11d50a3a" friendlyName="Actions">
          </DataCollector>
          <DataCollector uri="datacollector://microsoft/HttpProxy/1.0" assemblyQualifiedName="Microsoft.VisualStudio.TraceCollector.HttpProxyCollector, Microsoft.VisualStudio.TraceCollector, Version=10.0.0.0, Culture=neutral, PublicKeyToken=b03f5f7f11d50a3a" friendlyName="ASP.NET Client Proxy for IntelliTrace and Test Impact">
          </DataCollector>
          <DataCollector uri="datacollector://microsoft/TestImpact/1.0" assemblyQualifiedName="Microsoft.VisualStudio.TraceCollector.TestImpactDataCollector, Microsoft.VisualStudio.TraceCollector, Version=10.0.0.0, Culture=neutral, PublicKeyToken=b03f5f7f11d50a3a" friendlyName="Test Impact">
          </DataCollector>
          <DataCollector uri="datacollector://microsoft/TraceDebugger/1.0" assemblyQualifiedName="Microsoft.VisualStudio.TraceCollector.TraceDebuggerDataCollector, Microsoft.VisualStudio.TraceCollector, Version=10.0.0.0, Culture=neutral, PublicKeyToken=b03f5f7f11d50a3a" friendlyName="IntelliTrace">
          </DataCollector>
        </DataCollectors>
      </AgentRule>
    </Execution>
  </TestSettings>
  <Times creation="2012-11-15T00:36:01.4094567-02:00" queuing="2012-11-15T00:36:02.6345268-02:00" start="2012-11-15T00:36:09.1008967-02:00" finish="2012-11-15T00:36:14.9822331-02:00" />
  <ResultSummary outcome="Failed">
    <Counters total="1" executed="1" error="0" failed="1" timeout="0" aborted="0" inconclusive="0" passedButRunAborted="0" notRunnable="0" notExecuted="0" disconnected="0" warning="0" passed="0" completed="0" inProgress="0" pending="0" />
    <CollectorDataEntries>
      <Collector agentName="KARINE-PC" uri="datacollector://microsoft/SystemInfo/1.0" collectorDisplayName="System Information">
        <UriAttachments>
          <UriAttachment>
            <A href="KARINE-PC\SystemInformation.xml">System Information from KARINE-PC</A>
          </UriAttachment>
        </UriAttachments>
      </Collector>
    </CollectorDataEntries>
  </ResultSummary>
  <TestDefinitions>
    <UnitTest name="EnvioNDiasTest" storage="c:\users\karine\documents\visual studio 2010\projects\tentativa\testeemail\bin\debug\testeemail.dll" id="d1d66832-9168-8166-82fe-3674d4ee6c8f">
      <Execution id="1a193180-911c-478d-9917-afdc02cf2cc7" />
      <TestMethod codeBase="c:\users\karine\documents\visual studio 2010\Projects\Tentativa\TesteEmail\bin\Debug\TesteEmail.dll" adapterTypeName="Microsoft.VisualStudio.TestTools.TestTypes.Unit.UnitTestAdapter, Microsoft.VisualStudio.QualityTools.Tips.UnitTest.Adapter, Version=10.0.0.0, Culture=neutral, PublicKeyToken=b03f5f7f11d50a3a" className="TesteEmail.EnvioEmailTest, TesteEmail" name="EnvioNDiasTest" />
    </UnitTest>
  </TestDefinitions>
  <TestLists>
    <TestList name="Results Not in a List" id="8c84fa94-04c1-424b-9868-57a2d4851a1d" />
    <TestList name="All Loaded Results" id="19431567-8539-422a-85d7-44ee4e166bda" />
  </TestLists>
  <TestEntries>
    <TestEntry testId="d1d66832-9168-8166-82fe-3674d4ee6c8f" executionId="1a193180-911c-478d-9917-afdc02cf2cc7" testListId="8c84fa94-04c1-424b-9868-57a2d4851a1d" />
  </TestEntries>
  <Results>
    <UnitTestResult executionId="1a193180-911c-478d-9917-afdc02cf2cc7" testId="d1d66832-9168-8166-82fe-3674d4ee6c8f" testName="EnvioNDiasTest" computerName="KARINE-PC" duration="00:00:00.1419513" startTime="2012-11-15T00:36:09.3839129-02:00" endTime="2012-11-15T00:36:10.9890047-02:00" testType="13cdc9d9-ddb5-4fa4-a97d-d965ccfc6d4b" outcome="Failed" testListId="8c84fa94-04c1-424b-9868-57a2d4851a1d" relativeResultsDirectory="1a193180-911c-478d-9917-afdc02cf2cc7">
      <Output>
        <ErrorInfo>
          <Message>Assert.AreEqual failed. Expected:&lt;True&gt;. Actual:&lt;False&gt;. </Message>
          <StackTrace>   em TesteEmail.EnvioEmailTest.EnvioNDiasTest() na c:\users\karine\documents\visual studio 2010\Projects\Tentativa\TesteEmail\EnvioEmailTest.cs:linha 75
</StackTrace>
        </ErrorInfo>
      </Output>
      <CollectorDataEntries>
        <Collector agentName="KARINE-PC" uri="datacollector://microsoft/SystemInfo/1.0" collectorDisplayName="System Information">
          <UriAttachments>
            <UriAttachment>
              <A href="KARINE-PC\SystemInformation.xml">System Information from KARINE-PC</A>
            </UriAttachment>
          </UriAttachments>
        </Collector>
        <Collector agentName="KARINE-PC" uri="datacollector://microsoft/TraceDebugger/1.0" collectorDisplayName="IntelliTrace">
          <UriAttachments>
            <UriAttachment>
              <A href="KARINE-PC\QTAgent32_121115_003610320_13700.iTrace">IntelliTrace file for 'QTAgent32.exe' (13700)</A>
            </UriAttachment>
          </UriAttachments>
        </Collector>
      </CollectorDataEntries>
    </UnitTestResult>
  </Results>
</TestRun>