<?xml version="1.0" encoding="UTF-8"?>
<TestRun id="01bd23e9-9678-47dc-b310-14cb2e2131d2" name="Karine@KARINE-PC 2012-11-18 22:37:45" runUser="Karine-PC\Karine" xmlns="http://microsoft.com/schemas/VisualStudio/TeamTest/2010">
  <TestSettings name="Trace and Test Impact" id="942bc576-e83a-4bb4-a420-11f934cc75a4">
    <Description>These are test settings for Trace and Test Impact.</Description>
    <Deployment runDeploymentRoot="Karine_KARINE-PC 2012-11-18 22_37_45">
      <DeploymentItem filename="c:\users\karine\documents\visual studio 2010\Projects\Tentativa\Tentativa\bin\Debug\Tentativa.exe" />
    </Deployment>
    <Execution>
      <TestTypeSpecific />
      <AgentRule name="Execution Agents">
        <DataCollectors>
          <DataCollector uri="datacollector://microsoft/SystemInfo/1.0" assemblyQualifiedName="Microsoft.VisualStudio.TestTools.DataCollection.SystemInfo.SystemInfoDataCollector, Microsoft.VisualStudio.TestTools.DataCollection.SystemInfo, Version=10.0.0.0, Culture=neutral, PublicKeyToken=b03f5f7f11d50a3a" friendlyName="System Information">
          </DataCollector>
          <DataCollector uri="datacollector://microsoft/ActionLog/1.0" assemblyQualifiedName="Microsoft.VisualStudio.TestTools.ManualTest.ActionLog.ActionLogPlugin, Microsoft.VisualStudio.TestTools.ManualTest.ActionLog, Version=10.0.0.0, Culture=neutral, PublicKeyToken=b03f5f7f11d50a3a" friendlyName="Actions">
          </DataCollector>
          <DataCollector uri="datacollector://microsoft/HttpProxy/1.0" assemblyQualifiedName="Microsoft.VisualStudio.TraceCollector.HttpProxyCollector, Microsoft.VisualStudio.TraceCollector, Version=10.0.0.0, Culture=neutral, PublicKeyToken=b03f5f7f11d50a3a" friendlyName="ASP.NET Client Proxy for IntelliTrace and Test Impact">
          </DataCollector>
          <DataCollector uri="datacollector://microsoft/TestImpact/1.0" assemblyQualifiedName="Microsoft.VisualStudio.TraceCollector.TestImpactDataCollector, Microsoft.VisualStudio.TraceCollector, Version=10.0.0.0, Culture=neutral, PublicKeyToken=b03f5f7f11d50a3a" friendlyName="Test Impact">
          </DataCollector>
          <DataCollector uri="datacollector://microsoft/TraceDebugger/1.0" assemblyQualifiedName="Microsoft.VisualStudio.TraceCollector.TraceDebuggerDataCollector, Microsoft.VisualStudio.TraceCollector, Version=10.0.0.0, Culture=neutral, PublicKeyToken=b03f5f7f11d50a3a" friendlyName="IntelliTrace">
          </DataCollector>
        </DataCollectors>
      </AgentRule>
    </Execution>
  </TestSettings>
  <Times creation="2012-11-18T22:37:45.4018951-02:00" queuing="2012-11-18T22:37:48.3100614-02:00" start="2012-11-18T22:38:17.9447564-02:00" finish="2012-11-18T22:39:04.1613999-02:00" />
  <ResultSummary outcome="Error">
    <Counters total="1" executed="1" error="1" failed="0" timeout="0" aborted="0" inconclusive="0" passedButRunAborted="0" notRunnable="0" notExecuted="0" disconnected="0" warning="0" passed="0" completed="0" inProgress="0" pending="0" />
    <RunInfos>
      <RunInfo computerName="KARINE-PC" outcome="Warning" timestamp="2012-11-18T22:37:48.2880602-02:00">
        <Text>Warning: conflict during test run deployment: deployment item 'c:\users\karine\documents\visual studio 2010\projects\tentativa\testeemail\bin\debug\Tentativa.exe' directly or indirectly referenced by the test container 'c:\users\karine\documents\visual studio 2010\projects\tentativa\testeemail\bin\debug\testeemail.dll' cannot be deployed to 'Tentativa.exe' because otherwise the file 'c:\users\karine\documents\visual studio 2010\projects\tentativa\testeemail\bin\debug\Tentativa.exe' would overwrite deployment item 'c:\users\karine\documents\visual studio 2010\Projects\Tentativa\Tentativa\bin\Debug\Tentativa.exe' directly or indirectly referenced by c:\users\karine\documents\visual studio 2010\Projects\Tentativa\TesteEmail\bin\Debug\TesteEmail.dll.</Text>
      </RunInfo>
    </RunInfos>
    <CollectorDataEntries>
      <Collector agentName="KARINE-PC" uri="datacollector://microsoft/SystemInfo/1.0" collectorDisplayName="System Information">
        <UriAttachments>
          <UriAttachment>
            <A href="KARINE-PC\SystemInformation.xml">System Information from KARINE-PC</A>
          </UriAttachment>
        </UriAttachments>
      </Collector>
    </CollectorDataEntries>
  </ResultSummary>
  <TestDefinitions>
    <UnitTest name="ValidaDataTest" storage="c:\users\karine\documents\visual studio 2010\projects\tentativa\testeemail\bin\debug\testeemail.dll" id="c6fe8d4f-242f-dea2-1e9d-3d1499e92bf0">
      <Execution id="c5a733df-2122-4003-84b7-f5f1ea5958e6" />
      <TestMethod codeBase="c:\users\karine\documents\visual studio 2010\Projects\Tentativa\TesteEmail\bin\Debug\TesteEmail.dll" adapterTypeName="Microsoft.VisualStudio.TestTools.TestTypes.Unit.UnitTestAdapter, Microsoft.VisualStudio.QualityTools.Tips.UnitTest.Adapter, Version=10.0.0.0, Culture=neutral, PublicKeyToken=b03f5f7f11d50a3a" className="TesteEmail.EnvioEmailTest, TesteEmail" name="ValidaDataTest" />
    </UnitTest>
  </TestDefinitions>
  <TestLists>
    <TestList name="Results Not in a List" id="8c84fa94-04c1-424b-9868-57a2d4851a1d" />
    <TestList name="All Loaded Results" id="19431567-8539-422a-85d7-44ee4e166bda" />
  </TestLists>
  <TestEntries>
    <TestEntry testId="c6fe8d4f-242f-dea2-1e9d-3d1499e92bf0" executionId="c5a733df-2122-4003-84b7-f5f1ea5958e6" testListId="8c84fa94-04c1-424b-9868-57a2d4851a1d" />
  </TestEntries>
  <Results>
    <UnitTestResult executionId="c5a733df-2122-4003-84b7-f5f1ea5958e6" testId="c6fe8d4f-242f-dea2-1e9d-3d1499e92bf0" testName="ValidaDataTest" computerName="KARINE-PC" startTime="2012-11-18T22:38:19.5048456-02:00" endTime="2012-11-18T22:38:24.1071089-02:00" testType="13cdc9d9-ddb5-4fa4-a97d-d965ccfc6d4b" testListId="8c84fa94-04c1-424b-9868-57a2d4851a1d" relativeResultsDirectory="c5a733df-2122-4003-84b7-f5f1ea5958e6">
      <Output>
        <ErrorInfo>
          <Message>Method TesteEmail.EnvioEmailTest.ValidaDataTest does not exist.</Message>
        </ErrorInfo>
      </Output>
      <CollectorDataEntries>
        <Collector agentName="KARINE-PC" uri="datacollector://microsoft/SystemInfo/1.0" collectorDisplayName="System Information">
          <UriAttachments>
            <UriAttachment>
              <A href="KARINE-PC\SystemInformation.xml">System Information from KARINE-PC</A>
            </UriAttachment>
          </UriAttachments>
        </Collector>
        <Collector agentName="KARINE-PC" uri="datacollector://microsoft/TraceDebugger/1.0" collectorDisplayName="IntelliTrace">
          <UriAttachments>
            <UriAttachment>
              <A href="KARINE-PC\QTAgent32_121118_223823448_14168.iTrace">IntelliTrace file for 'QTAgent32.exe' (14168)</A>
            </UriAttachment>
          </UriAttachments>
        </Collector>
      </CollectorDataEntries>
    </UnitTestResult>
  </Results>
</TestRun>