<?xml version="1.0" encoding="UTF-8"?>
<TestRun id="858ed180-52f1-4672-8373-0055cb996c67" name="Administrator@ROAMBI 2012-10-24 20:12:51" runUser="ROAMBI\Administrator" xmlns="http://microsoft.com/schemas/VisualStudio/TeamTest/2010">
  <TestSettings name="Trace and Test Impact" id="a44b5788-7337-4063-8832-0dc3a69d32d6">
    <Description>These are test settings for Trace and Test Impact.</Description>
    <Deployment runDeploymentRoot="Administrator_ROAMBI 2012-10-24 20_12_51">
      <DeploymentItem filename="C:\Users\Administrator\Desktop\TecWeb-CRM\TecWeb-CRM\bin\TecWeb-CRM.dll" />
    </Deployment>
    <Execution>
      <TestTypeSpecific />
      <AgentRule name="Execution Agents">
      </AgentRule>
    </Execution>
  </TestSettings>
  <Times creation="2012-10-24T20:12:51.8001370-02:00" queuing="2012-10-24T20:12:51.9817660-02:00" start="2012-10-24T20:12:52.1419120-02:00" finish="2012-10-24T20:12:54.0587815-02:00" />
  <ResultSummary outcome="Completed">
    <Counters total="6" executed="6" passed="6" error="0" failed="0" timeout="0" aborted="0" inconclusive="0" passedButRunAborted="0" notRunnable="0" notExecuted="0" disconnected="0" warning="0" completed="0" inProgress="0" pending="0" />
  </ResultSummary>
  <TestDefinitions>
    <UnitTest name="InserirPessoaTest" storage="c:\users\administrator\desktop\tecweb-crm\teste_dao2\bin\debug\teste_dao2.dll" id="529765cb-1eea-94bf-b143-4b218e5b8a36">
      <Execution id="ec5dabf8-f3b2-4465-b022-eac656aa9da5" />
      <TestMethod codeBase="C:/Users/Administrator/Desktop/TecWeb-CRM/TESTE_DAO2/bin/Debug/TESTE_DAO2.DLL" adapterTypeName="Microsoft.VisualStudio.TestTools.TestTypes.Unit.UnitTestAdapter, Microsoft.VisualStudio.QualityTools.Tips.UnitTest.Adapter, Version=10.0.0.0, Culture=neutral, PublicKeyToken=b03f5f7f11d50a3a" className="TESTE_DAO2.CRM_DAO_PessoaTest, TESTE_DAO2, Version=1.0.0.0, Culture=neutral, PublicKeyToken=null" name="InserirPessoaTest" />
      <AspNet webSiteUrl="http://localhost:52314/">
        <Host pathToWebApp="C:\Users\Administrator\Desktop\TecWeb-CRM\TecWeb-CRM" webAppRoot="/" />
      </AspNet>
    </UnitTest>
    <UnitTest name="CRM_DAO_PessoaConstructorTest" storage="c:\users\administrator\desktop\tecweb-crm\teste_dao2\bin\debug\teste_dao2.dll" id="4f5b839a-215d-e6d4-a0de-94b7c218b2e1">
      <Execution id="c9a0be4c-3a23-43dc-9bba-ba209f23387e" />
      <TestMethod codeBase="C:/Users/Administrator/Desktop/TecWeb-CRM/TESTE_DAO2/bin/Debug/TESTE_DAO2.DLL" adapterTypeName="Microsoft.VisualStudio.TestTools.TestTypes.Unit.UnitTestAdapter, Microsoft.VisualStudio.QualityTools.Tips.UnitTest.Adapter, Version=10.0.0.0, Culture=neutral, PublicKeyToken=b03f5f7f11d50a3a" className="TESTE_DAO2.CRM_DAO_PessoaTest, TESTE_DAO2, Version=1.0.0.0, Culture=neutral, PublicKeyToken=null" name="CRM_DAO_PessoaConstructorTest" />
      <AspNet webSiteUrl="http://localhost:52314/">
        <Host pathToWebApp="C:\Users\Administrator\Desktop\TecWeb-CRM\TecWeb-CRM" webAppRoot="/" />
      </AspNet>
    </UnitTest>
    <UnitTest name="ConnectionTest" storage="c:\users\administrator\desktop\tecweb-crm\teste_dao2\bin\debug\teste_dao2.dll" id="83a1b2eb-01d3-fd1a-463d-4796628a35e0">
      <Execution id="c377fd44-0483-495d-b841-ad9503b49e31" />
      <TestMethod codeBase="C:/Users/Administrator/Desktop/TecWeb-CRM/TESTE_DAO2/bin/Debug/TESTE_DAO2.DLL" adapterTypeName="Microsoft.VisualStudio.TestTools.TestTypes.Unit.UnitTestAdapter, Microsoft.VisualStudio.QualityTools.Tips.UnitTest.Adapter, Version=10.0.0.0, Culture=neutral, PublicKeyToken=b03f5f7f11d50a3a" className="TESTE_DAO2.CRM_DAO_PessoaTest, TESTE_DAO2, Version=1.0.0.0, Culture=neutral, PublicKeyToken=null" name="ConnectionTest" />
      <AspNet webSiteUrl="http://localhost:52314/">
        <Host pathToWebApp="C:\Users\Administrator\Desktop\TecWeb-CRM\TecWeb-CRM" webAppRoot="/" />
      </AspNet>
    </UnitTest>
    <UnitTest name="AlterarPessoaTest" storage="c:\users\administrator\desktop\tecweb-crm\teste_dao2\bin\debug\teste_dao2.dll" id="975b78c0-9612-e48c-2ad6-0fb9f3f0d26f">
      <Execution id="c5ccc181-4733-4187-a823-2025b576bd4b" />
      <TestMethod codeBase="C:/Users/Administrator/Desktop/TecWeb-CRM/TESTE_DAO2/bin/Debug/TESTE_DAO2.DLL" adapterTypeName="Microsoft.VisualStudio.TestTools.TestTypes.Unit.UnitTestAdapter, Microsoft.VisualStudio.QualityTools.Tips.UnitTest.Adapter, Version=10.0.0.0, Culture=neutral, PublicKeyToken=b03f5f7f11d50a3a" className="TESTE_DAO2.CRM_DAO_PessoaTest, TESTE_DAO2, Version=1.0.0.0, Culture=neutral, PublicKeyToken=null" name="AlterarPessoaTest" />
      <AspNet webSiteUrl="http://localhost:52314/">
        <Host pathToWebApp="C:\Users\Administrator\Desktop\TecWeb-CRM\TecWeb-CRM" webAppRoot="/" />
      </AspNet>
    </UnitTest>
    <UnitTest name="ExcluirPessoaTest" storage="c:\users\administrator\desktop\tecweb-crm\teste_dao2\bin\debug\teste_dao2.dll" id="72233ad4-4cf6-41f3-2bf9-4d1886f80555">
      <Execution id="fa73f18d-145a-4de7-b590-41f89a31d797" />
      <TestMethod codeBase="C:/Users/Administrator/Desktop/TecWeb-CRM/TESTE_DAO2/bin/Debug/TESTE_DAO2.DLL" adapterTypeName="Microsoft.VisualStudio.TestTools.TestTypes.Unit.UnitTestAdapter, Microsoft.VisualStudio.QualityTools.Tips.UnitTest.Adapter, Version=10.0.0.0, Culture=neutral, PublicKeyToken=b03f5f7f11d50a3a" className="TESTE_DAO2.CRM_DAO_PessoaTest, TESTE_DAO2, Version=1.0.0.0, Culture=neutral, PublicKeyToken=null" name="ExcluirPessoaTest" />
      <AspNet webSiteUrl="http://localhost:52314/">
        <Host pathToWebApp="C:\Users\Administrator\Desktop\TecWeb-CRM\TecWeb-CRM" webAppRoot="/" />
      </AspNet>
    </UnitTest>
    <UnitTest name="SelecionarTodosPessoaTest" storage="c:\users\administrator\desktop\tecweb-crm\teste_dao2\bin\debug\teste_dao2.dll" id="0617cf11-7817-cc32-76d0-458e3a3f0381">
      <Execution id="8f5aa688-8856-474b-a276-3810fc0c8ddd" />
      <TestMethod codeBase="C:/Users/Administrator/Desktop/TecWeb-CRM/TESTE_DAO2/bin/Debug/TESTE_DAO2.DLL" adapterTypeName="Microsoft.VisualStudio.TestTools.TestTypes.Unit.UnitTestAdapter, Microsoft.VisualStudio.QualityTools.Tips.UnitTest.Adapter, Version=10.0.0.0, Culture=neutral, PublicKeyToken=b03f5f7f11d50a3a" className="TESTE_DAO2.CRM_DAO_PessoaTest, TESTE_DAO2, Version=1.0.0.0, Culture=neutral, PublicKeyToken=null" name="SelecionarTodosPessoaTest" />
      <AspNet webSiteUrl="http://localhost:52314/">
        <Host pathToWebApp="C:\Users\Administrator\Desktop\TecWeb-CRM\TecWeb-CRM" webAppRoot="/" />
      </AspNet>
    </UnitTest>
  </TestDefinitions>
  <TestLists>
    <TestList name="Results Not in a List" id="8c84fa94-04c1-424b-9868-57a2d4851a1d" />
    <TestList name="All Loaded Results" id="19431567-8539-422a-85d7-44ee4e166bda" />
  </TestLists>
  <TestEntries>
    <TestEntry testId="0617cf11-7817-cc32-76d0-458e3a3f0381" executionId="8f5aa688-8856-474b-a276-3810fc0c8ddd" testListId="8c84fa94-04c1-424b-9868-57a2d4851a1d" />
    <TestEntry testId="4f5b839a-215d-e6d4-a0de-94b7c218b2e1" executionId="c9a0be4c-3a23-43dc-9bba-ba209f23387e" testListId="8c84fa94-04c1-424b-9868-57a2d4851a1d" />
    <TestEntry testId="529765cb-1eea-94bf-b143-4b218e5b8a36" executionId="ec5dabf8-f3b2-4465-b022-eac656aa9da5" testListId="8c84fa94-04c1-424b-9868-57a2d4851a1d" />
    <TestEntry testId="72233ad4-4cf6-41f3-2bf9-4d1886f80555" executionId="fa73f18d-145a-4de7-b590-41f89a31d797" testListId="8c84fa94-04c1-424b-9868-57a2d4851a1d" />
    <TestEntry testId="83a1b2eb-01d3-fd1a-463d-4796628a35e0" executionId="c377fd44-0483-495d-b841-ad9503b49e31" testListId="8c84fa94-04c1-424b-9868-57a2d4851a1d" />
    <TestEntry testId="975b78c0-9612-e48c-2ad6-0fb9f3f0d26f" executionId="c5ccc181-4733-4187-a823-2025b576bd4b" testListId="8c84fa94-04c1-424b-9868-57a2d4851a1d" />
  </TestEntries>
  <Results>
    <UnitTestResult executionId="8f5aa688-8856-474b-a276-3810fc0c8ddd" testId="0617cf11-7817-cc32-76d0-458e3a3f0381" testName="SelecionarTodosPessoaTest" computerName="ROAMBI" duration="00:00:00.0142406" startTime="2012-10-24T20:12:52.1829250-02:00" endTime="2012-10-24T20:12:53.7228655-02:00" testType="13cdc9d9-ddb5-4fa4-a97d-d965ccfc6d4b" outcome="Passed" testListId="8c84fa94-04c1-424b-9868-57a2d4851a1d" relativeResultsDirectory="8f5aa688-8856-474b-a276-3810fc0c8ddd">
    </UnitTestResult>
    <UnitTestResult executionId="c9a0be4c-3a23-43dc-9bba-ba209f23387e" testId="4f5b839a-215d-e6d4-a0de-94b7c218b2e1" testName="CRM_DAO_PessoaConstructorTest" computerName="ROAMBI" duration="00:00:00.0001980" startTime="2012-10-24T20:12:53.7257950-02:00" endTime="2012-10-24T20:12:53.7707140-02:00" testType="13cdc9d9-ddb5-4fa4-a97d-d965ccfc6d4b" outcome="Passed" testListId="8c84fa94-04c1-424b-9868-57a2d4851a1d" relativeResultsDirectory="c9a0be4c-3a23-43dc-9bba-ba209f23387e">
    </UnitTestResult>
    <UnitTestResult executionId="ec5dabf8-f3b2-4465-b022-eac656aa9da5" testId="529765cb-1eea-94bf-b143-4b218e5b8a36" testName="InserirPessoaTest" computerName="ROAMBI" duration="00:00:00.0003958" startTime="2012-10-24T20:12:53.7726670-02:00" endTime="2012-10-24T20:12:53.8205155-02:00" testType="13cdc9d9-ddb5-4fa4-a97d-d965ccfc6d4b" outcome="Passed" testListId="8c84fa94-04c1-424b-9868-57a2d4851a1d" relativeResultsDirectory="ec5dabf8-f3b2-4465-b022-eac656aa9da5">
    </UnitTestResult>
    <UnitTestResult executionId="fa73f18d-145a-4de7-b590-41f89a31d797" testId="72233ad4-4cf6-41f3-2bf9-4d1886f80555" testName="ExcluirPessoaTest" computerName="ROAMBI" duration="00:00:00.0003911" startTime="2012-10-24T20:12:53.8244215-02:00" endTime="2012-10-24T20:12:53.8644580-02:00" testType="13cdc9d9-ddb5-4fa4-a97d-d965ccfc6d4b" outcome="Passed" testListId="8c84fa94-04c1-424b-9868-57a2d4851a1d" relativeResultsDirectory="fa73f18d-145a-4de7-b590-41f89a31d797">
    </UnitTestResult>
    <UnitTestResult executionId="c377fd44-0483-495d-b841-ad9503b49e31" testId="83a1b2eb-01d3-fd1a-463d-4796628a35e0" testName="ConnectionTest" computerName="ROAMBI" duration="00:00:00.0004489" startTime="2012-10-24T20:12:53.8654345-02:00" endTime="2012-10-24T20:12:53.9064475-02:00" testType="13cdc9d9-ddb5-4fa4-a97d-d965ccfc6d4b" outcome="Passed" testListId="8c84fa94-04c1-424b-9868-57a2d4851a1d" relativeResultsDirectory="c377fd44-0483-495d-b841-ad9503b49e31">
    </UnitTestResult>
    <UnitTestResult executionId="c5ccc181-4733-4187-a823-2025b576bd4b" testId="975b78c0-9612-e48c-2ad6-0fb9f3f0d26f" testName="AlterarPessoaTest" computerName="ROAMBI" duration="00:00:00.0004140" startTime="2012-10-24T20:12:53.9084005-02:00" endTime="2012-10-24T20:12:53.9494135-02:00" testType="13cdc9d9-ddb5-4fa4-a97d-d965ccfc6d4b" outcome="Passed" testListId="8c84fa94-04c1-424b-9868-57a2d4851a1d" relativeResultsDirectory="c5ccc181-4733-4187-a823-2025b576bd4b">
    </UnitTestResult>
  </Results>
</TestRun>