<?xml version="1.0" encoding="UTF-8"?>
<TestRun id="dae6925a-9ef4-410d-acfa-3c1f0b314524" name="Administrator@ROAMBI 2012-10-24 21:13:54" runUser="ROAMBI\Administrator" xmlns="http://microsoft.com/schemas/VisualStudio/TeamTest/2010">
  <TestSettings name="Local" id="c64711a4-0654-447b-bdfe-06f83aac8f92">
    <Description>These are default test settings for a local test run.</Description>
    <Deployment enabled="false" runDeploymentRoot="Administrator_ROAMBI 2012-10-24 21_13_54">
      <DeploymentItem filename="C:\Users\Administrator\Desktop\TecWeb-CRM\TecWeb-CRM\bin\TecWeb-CRM.dll" />
    </Deployment>
    <Execution>
      <TestTypeSpecific />
      <AgentRule name="Execution Agents">
      </AgentRule>
    </Execution>
  </TestSettings>
  <Times creation="2012-10-24T21:13:54.1086215-02:00" queuing="2012-10-24T21:13:55.0997690-02:00" start="2012-10-24T21:13:55.2296435-02:00" finish="2012-10-24T21:13:57.7197185-02:00" />
  <ResultSummary outcome="Completed">
    <Counters total="6" executed="6" passed="6" error="0" failed="0" timeout="0" aborted="0" inconclusive="0" passedButRunAborted="0" notRunnable="0" notExecuted="0" disconnected="0" warning="0" completed="0" inProgress="0" pending="0" />
  </ResultSummary>
  <TestDefinitions>
    <UnitTest name="InserirPessoaTest" storage="c:\users\administrator\desktop\tecweb-crm\teste_dao2\bin\debug\teste_dao2.dll" id="529765cb-1eea-94bf-b143-4b218e5b8a36">
      <Execution id="533bbc25-8bbb-432e-bf58-84fd9a312602" />
      <TestMethod codeBase="C:/Users/Administrator/Desktop/TecWeb-CRM/TESTE_DAO2/bin/Debug/TESTE_DAO2.DLL" adapterTypeName="Microsoft.VisualStudio.TestTools.TestTypes.Unit.UnitTestAdapter, Microsoft.VisualStudio.QualityTools.Tips.UnitTest.Adapter, Version=10.0.0.0, Culture=neutral, PublicKeyToken=b03f5f7f11d50a3a" className="TESTE_DAO2.CRM_DAO_PessoaTest, TESTE_DAO2, Version=1.0.0.0, Culture=neutral, PublicKeyToken=null" name="InserirPessoaTest" />
      <AspNet webSiteUrl="http://localhost:52314/">
        <Host pathToWebApp="C:\Users\Administrator\Desktop\TecWeb-CRM\TecWeb-CRM" webAppRoot="/" />
      </AspNet>
    </UnitTest>
    <UnitTest name="CRM_DAO_PessoaConstructorTest" storage="c:\users\administrator\desktop\tecweb-crm\teste_dao2\bin\debug\teste_dao2.dll" id="4f5b839a-215d-e6d4-a0de-94b7c218b2e1">
      <Execution id="137b2b40-4bac-4272-8c02-86e6de5c08ab" />
      <TestMethod codeBase="C:/Users/Administrator/Desktop/TecWeb-CRM/TESTE_DAO2/bin/Debug/TESTE_DAO2.DLL" adapterTypeName="Microsoft.VisualStudio.TestTools.TestTypes.Unit.UnitTestAdapter, Microsoft.VisualStudio.QualityTools.Tips.UnitTest.Adapter, Version=10.0.0.0, Culture=neutral, PublicKeyToken=b03f5f7f11d50a3a" className="TESTE_DAO2.CRM_DAO_PessoaTest, TESTE_DAO2, Version=1.0.0.0, Culture=neutral, PublicKeyToken=null" name="CRM_DAO_PessoaConstructorTest" />
      <AspNet webSiteUrl="http://localhost:52314/">
        <Host pathToWebApp="C:\Users\Administrator\Desktop\TecWeb-CRM\TecWeb-CRM" webAppRoot="/" />
      </AspNet>
    </UnitTest>
    <UnitTest name="ConnectionTest" storage="c:\users\administrator\desktop\tecweb-crm\teste_dao2\bin\debug\teste_dao2.dll" id="83a1b2eb-01d3-fd1a-463d-4796628a35e0">
      <Execution id="fb6c6013-cf69-44f0-aa71-a78b2a3667e4" />
      <TestMethod codeBase="C:/Users/Administrator/Desktop/TecWeb-CRM/TESTE_DAO2/bin/Debug/TESTE_DAO2.DLL" adapterTypeName="Microsoft.VisualStudio.TestTools.TestTypes.Unit.UnitTestAdapter, Microsoft.VisualStudio.QualityTools.Tips.UnitTest.Adapter, Version=10.0.0.0, Culture=neutral, PublicKeyToken=b03f5f7f11d50a3a" className="TESTE_DAO2.CRM_DAO_PessoaTest, TESTE_DAO2, Version=1.0.0.0, Culture=neutral, PublicKeyToken=null" name="ConnectionTest" />
      <AspNet webSiteUrl="http://localhost:52314/">
        <Host pathToWebApp="C:\Users\Administrator\Desktop\TecWeb-CRM\TecWeb-CRM" webAppRoot="/" />
      </AspNet>
    </UnitTest>
    <UnitTest name="AlterarPessoaTest" storage="c:\users\administrator\desktop\tecweb-crm\teste_dao2\bin\debug\teste_dao2.dll" id="975b78c0-9612-e48c-2ad6-0fb9f3f0d26f">
      <Execution id="2e804f87-412b-4769-8205-6979ce1c718f" />
      <TestMethod codeBase="C:/Users/Administrator/Desktop/TecWeb-CRM/TESTE_DAO2/bin/Debug/TESTE_DAO2.DLL" adapterTypeName="Microsoft.VisualStudio.TestTools.TestTypes.Unit.UnitTestAdapter, Microsoft.VisualStudio.QualityTools.Tips.UnitTest.Adapter, Version=10.0.0.0, Culture=neutral, PublicKeyToken=b03f5f7f11d50a3a" className="TESTE_DAO2.CRM_DAO_PessoaTest, TESTE_DAO2, Version=1.0.0.0, Culture=neutral, PublicKeyToken=null" name="AlterarPessoaTest" />
      <AspNet webSiteUrl="http://localhost:52314/">
        <Host pathToWebApp="C:\Users\Administrator\Desktop\TecWeb-CRM\TecWeb-CRM" webAppRoot="/" />
      </AspNet>
    </UnitTest>
    <UnitTest name="ExcluirPessoaTest" storage="c:\users\administrator\desktop\tecweb-crm\teste_dao2\bin\debug\teste_dao2.dll" id="72233ad4-4cf6-41f3-2bf9-4d1886f80555">
      <Execution id="ddac18a4-4817-4345-95e2-55510aac6b3e" />
      <TestMethod codeBase="C:/Users/Administrator/Desktop/TecWeb-CRM/TESTE_DAO2/bin/Debug/TESTE_DAO2.DLL" adapterTypeName="Microsoft.VisualStudio.TestTools.TestTypes.Unit.UnitTestAdapter, Microsoft.VisualStudio.QualityTools.Tips.UnitTest.Adapter, Version=10.0.0.0, Culture=neutral, PublicKeyToken=b03f5f7f11d50a3a" className="TESTE_DAO2.CRM_DAO_PessoaTest, TESTE_DAO2, Version=1.0.0.0, Culture=neutral, PublicKeyToken=null" name="ExcluirPessoaTest" />
      <AspNet webSiteUrl="http://localhost:52314/">
        <Host pathToWebApp="C:\Users\Administrator\Desktop\TecWeb-CRM\TecWeb-CRM" webAppRoot="/" />
      </AspNet>
    </UnitTest>
    <UnitTest name="SelecionarTodosPessoaTest" storage="c:\users\administrator\desktop\tecweb-crm\teste_dao2\bin\debug\teste_dao2.dll" id="0617cf11-7817-cc32-76d0-458e3a3f0381">
      <Execution id="468d8f87-f788-4a78-bfed-4f830b1a4b69" />
      <TestMethod codeBase="C:/Users/Administrator/Desktop/TecWeb-CRM/TESTE_DAO2/bin/Debug/TESTE_DAO2.DLL" adapterTypeName="Microsoft.VisualStudio.TestTools.TestTypes.Unit.UnitTestAdapter, Microsoft.VisualStudio.QualityTools.Tips.UnitTest.Adapter, Version=10.0.0.0, Culture=neutral, PublicKeyToken=b03f5f7f11d50a3a" className="TESTE_DAO2.CRM_DAO_PessoaTest, TESTE_DAO2, Version=1.0.0.0, Culture=neutral, PublicKeyToken=null" name="SelecionarTodosPessoaTest" />
      <AspNet webSiteUrl="http://localhost:52314/">
        <Host pathToWebApp="C:\Users\Administrator\Desktop\TecWeb-CRM\TecWeb-CRM" webAppRoot="/" />
      </AspNet>
    </UnitTest>
  </TestDefinitions>
  <TestLists>
    <TestList name="Results Not in a List" id="8c84fa94-04c1-424b-9868-57a2d4851a1d" />
    <TestList name="All Loaded Results" id="19431567-8539-422a-85d7-44ee4e166bda" />
  </TestLists>
  <TestEntries>
    <TestEntry testId="0617cf11-7817-cc32-76d0-458e3a3f0381" executionId="468d8f87-f788-4a78-bfed-4f830b1a4b69" testListId="8c84fa94-04c1-424b-9868-57a2d4851a1d" />
    <TestEntry testId="4f5b839a-215d-e6d4-a0de-94b7c218b2e1" executionId="137b2b40-4bac-4272-8c02-86e6de5c08ab" testListId="8c84fa94-04c1-424b-9868-57a2d4851a1d" />
    <TestEntry testId="529765cb-1eea-94bf-b143-4b218e5b8a36" executionId="533bbc25-8bbb-432e-bf58-84fd9a312602" testListId="8c84fa94-04c1-424b-9868-57a2d4851a1d" />
    <TestEntry testId="72233ad4-4cf6-41f3-2bf9-4d1886f80555" executionId="ddac18a4-4817-4345-95e2-55510aac6b3e" testListId="8c84fa94-04c1-424b-9868-57a2d4851a1d" />
    <TestEntry testId="83a1b2eb-01d3-fd1a-463d-4796628a35e0" executionId="fb6c6013-cf69-44f0-aa71-a78b2a3667e4" testListId="8c84fa94-04c1-424b-9868-57a2d4851a1d" />
    <TestEntry testId="975b78c0-9612-e48c-2ad6-0fb9f3f0d26f" executionId="2e804f87-412b-4769-8205-6979ce1c718f" testListId="8c84fa94-04c1-424b-9868-57a2d4851a1d" />
  </TestEntries>
  <Results>
    <UnitTestResult executionId="468d8f87-f788-4a78-bfed-4f830b1a4b69" testId="0617cf11-7817-cc32-76d0-458e3a3f0381" testName="SelecionarTodosPessoaTest" computerName="ROAMBI" duration="00:00:00.3175694" startTime="2012-10-24T21:13:55.2325730-02:00" endTime="2012-10-24T21:13:57.1201475-02:00" testType="13cdc9d9-ddb5-4fa4-a97d-d965ccfc6d4b" outcome="Passed" testListId="8c84fa94-04c1-424b-9868-57a2d4851a1d" relativeResultsDirectory="468d8f87-f788-4a78-bfed-4f830b1a4b69">
    </UnitTestResult>
    <UnitTestResult executionId="137b2b40-4bac-4272-8c02-86e6de5c08ab" testId="4f5b839a-215d-e6d4-a0de-94b7c218b2e1" testName="CRM_DAO_PessoaConstructorTest" computerName="ROAMBI" duration="00:00:00.0002829" startTime="2012-10-24T21:13:57.1240535-02:00" endTime="2012-10-24T21:13:57.1640900-02:00" testType="13cdc9d9-ddb5-4fa4-a97d-d965ccfc6d4b" outcome="Passed" testListId="8c84fa94-04c1-424b-9868-57a2d4851a1d" relativeResultsDirectory="137b2b40-4bac-4272-8c02-86e6de5c08ab">
    </UnitTestResult>
    <UnitTestResult executionId="533bbc25-8bbb-432e-bf58-84fd9a312602" testId="529765cb-1eea-94bf-b143-4b218e5b8a36" testName="InserirPessoaTest" computerName="ROAMBI" duration="00:00:00.0003841" startTime="2012-10-24T21:13:57.1660430-02:00" endTime="2012-10-24T21:13:57.2051030-02:00" testType="13cdc9d9-ddb5-4fa4-a97d-d965ccfc6d4b" outcome="Passed" testListId="8c84fa94-04c1-424b-9868-57a2d4851a1d" relativeResultsDirectory="533bbc25-8bbb-432e-bf58-84fd9a312602">
    </UnitTestResult>
    <UnitTestResult executionId="ddac18a4-4817-4345-95e2-55510aac6b3e" testId="72233ad4-4cf6-41f3-2bf9-4d1886f80555" testName="ExcluirPessoaTest" computerName="ROAMBI" duration="00:00:00.0003584" startTime="2012-10-24T21:13:57.2080325-02:00" endTime="2012-10-24T21:13:57.2500220-02:00" testType="13cdc9d9-ddb5-4fa4-a97d-d965ccfc6d4b" outcome="Passed" testListId="8c84fa94-04c1-424b-9868-57a2d4851a1d" relativeResultsDirectory="ddac18a4-4817-4345-95e2-55510aac6b3e">
    </UnitTestResult>
    <UnitTestResult executionId="fb6c6013-cf69-44f0-aa71-a78b2a3667e4" testId="83a1b2eb-01d3-fd1a-463d-4796628a35e0" testName="ConnectionTest" computerName="ROAMBI" duration="00:00:00.0004061" startTime="2012-10-24T21:13:57.4091915-02:00" endTime="2012-10-24T21:13:57.4599695-02:00" testType="13cdc9d9-ddb5-4fa4-a97d-d965ccfc6d4b" outcome="Passed" testListId="8c84fa94-04c1-424b-9868-57a2d4851a1d" relativeResultsDirectory="fb6c6013-cf69-44f0-aa71-a78b2a3667e4">
    </UnitTestResult>
    <UnitTestResult executionId="2e804f87-412b-4769-8205-6979ce1c718f" testId="975b78c0-9612-e48c-2ad6-0fb9f3f0d26f" testName="AlterarPessoaTest" computerName="ROAMBI" duration="00:00:00.0005310" startTime="2012-10-24T21:13:57.4619225-02:00" endTime="2012-10-24T21:13:57.5048885-02:00" testType="13cdc9d9-ddb5-4fa4-a97d-d965ccfc6d4b" outcome="Passed" testListId="8c84fa94-04c1-424b-9868-57a2d4851a1d" relativeResultsDirectory="2e804f87-412b-4769-8205-6979ce1c718f">
    </UnitTestResult>
  </Results>
</TestRun>