<?xml version="1.0" encoding="UTF-8"?>
<TestRun id="aa891b1b-485e-48f3-87f7-d5e76ce04de8" name="Administrator@ROAMBI 2012-10-24 21:21:46" runUser="ROAMBI\Administrator" xmlns="http://microsoft.com/schemas/VisualStudio/TeamTest/2010">
  <TestSettings name="Local" id="c64711a4-0654-447b-bdfe-06f83aac8f92">
    <Description>These are default test settings for a local test run.</Description>
    <Deployment runDeploymentRoot="Administrator_ROAMBI 2012-10-24 21_21_46">
      <DeploymentItem filename="TestResults\" />
      <DeploymentItem filename="C:\Users\Administrator\Desktop\TecWeb-CRM\TecWeb-CRM\bin\TecWeb-CRM.dll" />
    </Deployment>
    <Execution>
      <TestTypeSpecific>
        <UnitTestRunConfig testTypeId="13cdc9d9-ddb5-4fa4-a97d-d965ccfc6d4b">
          <AssemblyResolution>
            <TestDirectory useLoadContext="true" />
          </AssemblyResolution>
        </UnitTestRunConfig>
      </TestTypeSpecific>
      <AgentRule name="Execution Agents">
      </AgentRule>
    </Execution>
  </TestSettings>
  <Times creation="2012-10-24T21:21:46.8508250-02:00" queuing="2012-10-24T21:21:48.2599145-02:00" start="2012-10-24T21:21:48.5050160-02:00" finish="2012-10-24T21:21:51.0097385-02:00" />
  <ResultSummary outcome="Completed">
    <Counters total="6" executed="6" passed="6" error="0" failed="0" timeout="0" aborted="0" inconclusive="0" passedButRunAborted="0" notRunnable="0" notExecuted="0" disconnected="0" warning="0" completed="0" inProgress="0" pending="0" />
  </ResultSummary>
  <TestDefinitions>
    <UnitTest name="InserirPessoaTest" storage="c:\users\administrator\desktop\tecweb-crm\teste_dao2\bin\debug\teste_dao2.dll" id="529765cb-1eea-94bf-b143-4b218e5b8a36">
      <Execution id="fb7c11fe-150d-46f7-ba43-0332bce3ef9a" />
      <TestMethod codeBase="C:/Users/Administrator/Desktop/TecWeb-CRM/TESTE_DAO2/bin/Debug/TESTE_DAO2.DLL" adapterTypeName="Microsoft.VisualStudio.TestTools.TestTypes.Unit.UnitTestAdapter, Microsoft.VisualStudio.QualityTools.Tips.UnitTest.Adapter, Version=10.0.0.0, Culture=neutral, PublicKeyToken=b03f5f7f11d50a3a" className="TESTE_DAO2.CRM_DAO_PessoaTest, TESTE_DAO2, Version=1.0.0.0, Culture=neutral, PublicKeyToken=null" name="InserirPessoaTest" />
      <AspNet webSiteUrl="http://localhost:52314/">
        <Host pathToWebApp="C:\Users\Administrator\Desktop\TecWeb-CRM\TecWeb-CRM" webAppRoot="/" />
      </AspNet>
    </UnitTest>
    <UnitTest name="CRM_DAO_PessoaConstructorTest" storage="c:\users\administrator\desktop\tecweb-crm\teste_dao2\bin\debug\teste_dao2.dll" id="4f5b839a-215d-e6d4-a0de-94b7c218b2e1">
      <Execution id="a3ace2cc-2ec7-45d8-9aa0-5b78271003c1" />
      <TestMethod codeBase="C:/Users/Administrator/Desktop/TecWeb-CRM/TESTE_DAO2/bin/Debug/TESTE_DAO2.DLL" adapterTypeName="Microsoft.VisualStudio.TestTools.TestTypes.Unit.UnitTestAdapter, Microsoft.VisualStudio.QualityTools.Tips.UnitTest.Adapter, Version=10.0.0.0, Culture=neutral, PublicKeyToken=b03f5f7f11d50a3a" className="TESTE_DAO2.CRM_DAO_PessoaTest, TESTE_DAO2, Version=1.0.0.0, Culture=neutral, PublicKeyToken=null" name="CRM_DAO_PessoaConstructorTest" />
      <AspNet webSiteUrl="http://localhost:52314/">
        <Host pathToWebApp="C:\Users\Administrator\Desktop\TecWeb-CRM\TecWeb-CRM" webAppRoot="/" />
      </AspNet>
    </UnitTest>
    <UnitTest name="ConnectionTest" storage="c:\users\administrator\desktop\tecweb-crm\teste_dao2\bin\debug\teste_dao2.dll" id="83a1b2eb-01d3-fd1a-463d-4796628a35e0">
      <Execution id="db1d830e-8815-44b3-aa19-e4f4476bc788" />
      <TestMethod codeBase="C:/Users/Administrator/Desktop/TecWeb-CRM/TESTE_DAO2/bin/Debug/TESTE_DAO2.DLL" adapterTypeName="Microsoft.VisualStudio.TestTools.TestTypes.Unit.UnitTestAdapter, Microsoft.VisualStudio.QualityTools.Tips.UnitTest.Adapter, Version=10.0.0.0, Culture=neutral, PublicKeyToken=b03f5f7f11d50a3a" className="TESTE_DAO2.CRM_DAO_PessoaTest, TESTE_DAO2, Version=1.0.0.0, Culture=neutral, PublicKeyToken=null" name="ConnectionTest" />
      <AspNet webSiteUrl="http://localhost:52314/">
        <Host pathToWebApp="C:\Users\Administrator\Desktop\TecWeb-CRM\TecWeb-CRM" webAppRoot="/" />
      </AspNet>
    </UnitTest>
    <UnitTest name="AlterarPessoaTest" storage="c:\users\administrator\desktop\tecweb-crm\teste_dao2\bin\debug\teste_dao2.dll" id="975b78c0-9612-e48c-2ad6-0fb9f3f0d26f">
      <Execution id="591ff17d-05ce-4a5b-bb3d-2ee26299915e" />
      <TestMethod codeBase="C:/Users/Administrator/Desktop/TecWeb-CRM/TESTE_DAO2/bin/Debug/TESTE_DAO2.DLL" adapterTypeName="Microsoft.VisualStudio.TestTools.TestTypes.Unit.UnitTestAdapter, Microsoft.VisualStudio.QualityTools.Tips.UnitTest.Adapter, Version=10.0.0.0, Culture=neutral, PublicKeyToken=b03f5f7f11d50a3a" className="TESTE_DAO2.CRM_DAO_PessoaTest, TESTE_DAO2, Version=1.0.0.0, Culture=neutral, PublicKeyToken=null" name="AlterarPessoaTest" />
      <AspNet webSiteUrl="http://localhost:52314/">
        <Host pathToWebApp="C:\Users\Administrator\Desktop\TecWeb-CRM\TecWeb-CRM" webAppRoot="/" />
      </AspNet>
    </UnitTest>
    <UnitTest name="ExcluirPessoaTest" storage="c:\users\administrator\desktop\tecweb-crm\teste_dao2\bin\debug\teste_dao2.dll" id="72233ad4-4cf6-41f3-2bf9-4d1886f80555">
      <Execution id="0b14c4ba-eb12-43c6-8525-546ce06839a4" />
      <TestMethod codeBase="C:/Users/Administrator/Desktop/TecWeb-CRM/TESTE_DAO2/bin/Debug/TESTE_DAO2.DLL" adapterTypeName="Microsoft.VisualStudio.TestTools.TestTypes.Unit.UnitTestAdapter, Microsoft.VisualStudio.QualityTools.Tips.UnitTest.Adapter, Version=10.0.0.0, Culture=neutral, PublicKeyToken=b03f5f7f11d50a3a" className="TESTE_DAO2.CRM_DAO_PessoaTest, TESTE_DAO2, Version=1.0.0.0, Culture=neutral, PublicKeyToken=null" name="ExcluirPessoaTest" />
      <AspNet webSiteUrl="http://localhost:52314/">
        <Host pathToWebApp="C:\Users\Administrator\Desktop\TecWeb-CRM\TecWeb-CRM" webAppRoot="/" />
      </AspNet>
    </UnitTest>
    <UnitTest name="SelecionarTodosPessoaTest" storage="c:\users\administrator\desktop\tecweb-crm\teste_dao2\bin\debug\teste_dao2.dll" id="0617cf11-7817-cc32-76d0-458e3a3f0381">
      <Execution id="9c6a2fc7-da89-4912-8865-d82f9137b762" />
      <TestMethod codeBase="C:/Users/Administrator/Desktop/TecWeb-CRM/TESTE_DAO2/bin/Debug/TESTE_DAO2.DLL" adapterTypeName="Microsoft.VisualStudio.TestTools.TestTypes.Unit.UnitTestAdapter, Microsoft.VisualStudio.QualityTools.Tips.UnitTest.Adapter, Version=10.0.0.0, Culture=neutral, PublicKeyToken=b03f5f7f11d50a3a" className="TESTE_DAO2.CRM_DAO_PessoaTest, TESTE_DAO2, Version=1.0.0.0, Culture=neutral, PublicKeyToken=null" name="SelecionarTodosPessoaTest" />
      <AspNet webSiteUrl="http://localhost:52314/">
        <Host pathToWebApp="C:\Users\Administrator\Desktop\TecWeb-CRM\TecWeb-CRM" webAppRoot="/" />
      </AspNet>
    </UnitTest>
  </TestDefinitions>
  <TestLists>
    <TestList name="Results Not in a List" id="8c84fa94-04c1-424b-9868-57a2d4851a1d" />
    <TestList name="All Loaded Results" id="19431567-8539-422a-85d7-44ee4e166bda" />
  </TestLists>
  <TestEntries>
    <TestEntry testId="0617cf11-7817-cc32-76d0-458e3a3f0381" executionId="9c6a2fc7-da89-4912-8865-d82f9137b762" testListId="8c84fa94-04c1-424b-9868-57a2d4851a1d" />
    <TestEntry testId="4f5b839a-215d-e6d4-a0de-94b7c218b2e1" executionId="a3ace2cc-2ec7-45d8-9aa0-5b78271003c1" testListId="8c84fa94-04c1-424b-9868-57a2d4851a1d" />
    <TestEntry testId="529765cb-1eea-94bf-b143-4b218e5b8a36" executionId="fb7c11fe-150d-46f7-ba43-0332bce3ef9a" testListId="8c84fa94-04c1-424b-9868-57a2d4851a1d" />
    <TestEntry testId="72233ad4-4cf6-41f3-2bf9-4d1886f80555" executionId="0b14c4ba-eb12-43c6-8525-546ce06839a4" testListId="8c84fa94-04c1-424b-9868-57a2d4851a1d" />
    <TestEntry testId="83a1b2eb-01d3-fd1a-463d-4796628a35e0" executionId="db1d830e-8815-44b3-aa19-e4f4476bc788" testListId="8c84fa94-04c1-424b-9868-57a2d4851a1d" />
    <TestEntry testId="975b78c0-9612-e48c-2ad6-0fb9f3f0d26f" executionId="591ff17d-05ce-4a5b-bb3d-2ee26299915e" testListId="8c84fa94-04c1-424b-9868-57a2d4851a1d" />
  </TestEntries>
  <Results>
    <UnitTestResult executionId="9c6a2fc7-da89-4912-8865-d82f9137b762" testId="0617cf11-7817-cc32-76d0-458e3a3f0381" testName="SelecionarTodosPessoaTest" computerName="ROAMBI" duration="00:00:00.2405816" startTime="2012-10-24T21:21:48.5577470-02:00" endTime="2012-10-24T21:21:50.3759900-02:00" testType="13cdc9d9-ddb5-4fa4-a97d-d965ccfc6d4b" outcome="Passed" testListId="8c84fa94-04c1-424b-9868-57a2d4851a1d" relativeResultsDirectory="9c6a2fc7-da89-4912-8865-d82f9137b762">
    </UnitTestResult>
    <UnitTestResult executionId="a3ace2cc-2ec7-45d8-9aa0-5b78271003c1" testId="4f5b839a-215d-e6d4-a0de-94b7c218b2e1" testName="CRM_DAO_PessoaConstructorTest" computerName="ROAMBI" duration="00:00:00.0001813" startTime="2012-10-24T21:21:50.3779430-02:00" endTime="2012-10-24T21:21:50.4189560-02:00" testType="13cdc9d9-ddb5-4fa4-a97d-d965ccfc6d4b" outcome="Passed" testListId="8c84fa94-04c1-424b-9868-57a2d4851a1d" relativeResultsDirectory="a3ace2cc-2ec7-45d8-9aa0-5b78271003c1">
    </UnitTestResult>
    <UnitTestResult executionId="fb7c11fe-150d-46f7-ba43-0332bce3ef9a" testId="529765cb-1eea-94bf-b143-4b218e5b8a36" testName="InserirPessoaTest" computerName="ROAMBI" duration="00:00:00.0003757" startTime="2012-10-24T21:21:50.4218855-02:00" endTime="2012-10-24T21:21:50.4648515-02:00" testType="13cdc9d9-ddb5-4fa4-a97d-d965ccfc6d4b" outcome="Passed" testListId="8c84fa94-04c1-424b-9868-57a2d4851a1d" relativeResultsDirectory="fb7c11fe-150d-46f7-ba43-0332bce3ef9a">
    </UnitTestResult>
    <UnitTestResult executionId="0b14c4ba-eb12-43c6-8525-546ce06839a4" testId="72233ad4-4cf6-41f3-2bf9-4d1886f80555" testName="ExcluirPessoaTest" computerName="ROAMBI" duration="00:00:00.0003964" startTime="2012-10-24T21:21:50.4677810-02:00" endTime="2012-10-24T21:21:50.5175825-02:00" testType="13cdc9d9-ddb5-4fa4-a97d-d965ccfc6d4b" outcome="Passed" testListId="8c84fa94-04c1-424b-9868-57a2d4851a1d" relativeResultsDirectory="0b14c4ba-eb12-43c6-8525-546ce06839a4">
    </UnitTestResult>
    <UnitTestResult executionId="db1d830e-8815-44b3-aa19-e4f4476bc788" testId="83a1b2eb-01d3-fd1a-463d-4796628a35e0" testName="ConnectionTest" computerName="ROAMBI" duration="00:00:00.0003732" startTime="2012-10-24T21:21:50.5195355-02:00" endTime="2012-10-24T21:21:50.5644545-02:00" testType="13cdc9d9-ddb5-4fa4-a97d-d965ccfc6d4b" outcome="Passed" testListId="8c84fa94-04c1-424b-9868-57a2d4851a1d" relativeResultsDirectory="db1d830e-8815-44b3-aa19-e4f4476bc788">
    </UnitTestResult>
    <UnitTestResult executionId="591ff17d-05ce-4a5b-bb3d-2ee26299915e" testId="975b78c0-9612-e48c-2ad6-0fb9f3f0d26f" testName="AlterarPessoaTest" computerName="ROAMBI" duration="00:00:00.0003578" startTime="2012-10-24T21:21:50.7372950-02:00" endTime="2012-10-24T21:21:50.7841670-02:00" testType="13cdc9d9-ddb5-4fa4-a97d-d965ccfc6d4b" outcome="Passed" testListId="8c84fa94-04c1-424b-9868-57a2d4851a1d" relativeResultsDirectory="591ff17d-05ce-4a5b-bb3d-2ee26299915e">
    </UnitTestResult>
  </Results>
</TestRun>